Build started 19/2/2017 9:59:11 PM.
     1>Project "C:\GitHub\myHelper\cuda8Helper\cuda8Helper\cuda8Helper.vcxproj" on node 2 (Build target(s)).
     1>AddCudaCompileDeps:
         C:\Program Files (x86)\Microsoft Visual Studio 12.0\VC\bin\x86_amd64\cl.exe /E /nologo /showIncludes /TP /D__CUDACC__ /DWIN32 /DWIN64 /D_DEBUG /D_CONSOLE /D_MBCS /I"C:\Program Files\NVIDIA GPU Computing Toolkit\CUDA\v8.0\include" /I"C:\Program Files\NVIDIA GPU Computing Toolkit\CUDA\v8.0\bin" /I"C:\Program Files\NVIDIA GPU Computing Toolkit\CUDA\v8.0\include" /I. /FIcuda_runtime.h /c C:\GitHub\myHelper\cuda8Helper\cuda8Helper\kernel.cu 
     1>Project "C:\GitHub\myHelper\cuda8Helper\cuda8Helper\cuda8Helper.vcxproj" (1) is building "C:\GitHub\myHelper\cuda8Helper\cuda8Helper\cuda8Helper.vcxproj" (1:2) on node 2 (CudaBuildCore target(s)).
     1>CudaBuildCore:
         Compiling CUDA source file kernel.cu...
         cmd.exe /C "C:\Users\easttiger\AppData\Local\Temp\tmp81fc69bacf834a0ebdc14731cd00934c.cmd"
         "C:\Program Files\NVIDIA GPU Computing Toolkit\CUDA\v8.0\bin\nvcc.exe" -gencode=arch=compute_30,code=\"sm_30,compute_30\" --use-local-env --cl-version 2013 -ccbin "C:\Program Files (x86)\Microsoft Visual Studio 12.0\VC\bin\x86_amd64"  -I"C:\Program Files\NVIDIA GPU Computing Toolkit\CUDA\v8.0\include" -I"C:\Program Files\NVIDIA GPU Computing Toolkit\CUDA\v8.0\include"  -G -lineinfo  --keep-dir x64\Debug -maxrregcount=0  --machine 64 --compile -cudart static  -g   -DWIN32 -DWIN64 -D_DEBUG -D_CONSOLE -D_MBCS -Xcompiler "/EHsc /W0 /nologo /Od /FS /Zi /RTC1 /MDd " -o x64\Debug\kernel.cu.obj "C:\GitHub\myHelper\cuda8Helper\cuda8Helper\kernel.cu"
         
         C:\GitHub\myHelper\cuda8Helper\cuda8Helper>"C:\Program Files\NVIDIA GPU Computing Toolkit\CUDA\v8.0\bin\nvcc.exe" -gencode=arch=compute_30,code=\"sm_30,compute_30\" --use-local-env --cl-version 2013 -ccbin "C:\Program Files (x86)\Microsoft Visual Studio 12.0\VC\bin\x86_amd64"  -I"C:\Program Files\NVIDIA GPU Computing Toolkit\CUDA\v8.0\include" -I"C:\Program Files\NVIDIA GPU Computing Toolkit\CUDA\v8.0\include"  -G -lineinfo  --keep-dir x64\Debug -maxrregcount=0  --machine 64 --compile -cudart static  -g   -DWIN32 -DWIN64 -D_DEBUG -D_CONSOLE -D_MBCS -Xcompiler "/EHsc /W0 /nologo /Od /FS /Zi /RTC1 /MDd " -o x64\Debug\kernel.cu.obj "C:\GitHub\myHelper\cuda8Helper\cuda8Helper\kernel.cu" 
     1>C:/GitHub/myHelper/cuda8Helper/cuda8Helper/kernel.cu(34): warning : variable "cudaStat" was declared but never referenced
     1>C:/GitHub/myHelper/cuda8Helper/cuda8Helper/kernel.cu(35): warning : variable "stat" was declared but never referenced
     1>C:/GitHub/myHelper/cuda8Helper/cuda8Helper/kernel.cu(36): warning : variable "handle" was declared but never referenced
     1>C:/GitHub/myHelper/cuda8Helper/cuda8Helper/kernel.cu(38): warning : variable "devPtrA" was declared but never referenced
     1>C:/GitHub/myHelper/cuda8Helper/cuda8Helper/kernel.cu(26): warning : function "modify" was declared but never referenced
     1>C:\Program Files\NVIDIA GPU Computing Toolkit\CUDA\v8.0\include\thrust/system/cuda/detail/synchronize.inl(35): warning : calling a __host__ function("cudaDeviceSynchronize") from a __host__ __device__ function("thrust::system::cuda::detail::synchronize") is not allowed
     1>C:/GitHub/myHelper/cuda8Helper/cuda8Helper/kernel.cu(34): warning : variable "cudaStat" was declared but never referenced
     1>C:/GitHub/myHelper/cuda8Helper/cuda8Helper/kernel.cu(35): warning : variable "stat" was declared but never referenced
     1>C:/GitHub/myHelper/cuda8Helper/cuda8Helper/kernel.cu(36): warning : variable "handle" was declared but never referenced
     1>C:/GitHub/myHelper/cuda8Helper/cuda8Helper/kernel.cu(38): warning : variable "devPtrA" was declared but never referenced
     1>C:/GitHub/myHelper/cuda8Helper/cuda8Helper/kernel.cu(26): warning : function "modify" was declared but never referenced
         kernel.cu
     1>Done Building Project "C:\GitHub\myHelper\cuda8Helper\cuda8Helper\cuda8Helper.vcxproj" (CudaBuildCore target(s)).
     1>Link:
         C:\Program Files (x86)\Microsoft Visual Studio 12.0\VC\bin\x86_amd64\link.exe /ERRORREPORT:PROMPT /OUT:"C:\GitHub\myHelper\cuda8Helper\x64\Debug\cuda8Helper.exe" /INCREMENTAL /NOLOGO /LIBPATH:"C:\Program Files\NVIDIA GPU Computing Toolkit\CUDA\v8.0\lib\x64" cudart.lib kernel32.lib user32.lib gdi32.lib winspool.lib comdlg32.lib advapi32.lib shell32.lib ole32.lib oleaut32.lib uuid.lib odbc32.lib odbccp32.lib kernel32.lib user32.lib gdi32.lib winspool.lib comdlg32.lib advapi32.lib shell32.lib ole32.lib oleaut32.lib uuid.lib odbc32.lib odbccp32.lib /MANIFEST /MANIFESTUAC:"level='asInvoker' uiAccess='false'" /manifest:embed /DEBUG /PDB:"C:\GitHub\myHelper\cuda8Helper\x64\Debug\cuda8Helper.pdb" /SUBSYSTEM:CONSOLE /TLBID:1 /DYNAMICBASE /NXCOMPAT /IMPLIB:"C:\GitHub\myHelper\cuda8Helper\x64\Debug\cuda8Helper.lib" /MACHINE:X64 x64\Debug\kernel.cu.obj
         x64\Debug\myCuda.cu.obj
         cuda8Helper.vcxproj -> C:\GitHub\myHelper\cuda8Helper\x64\Debug\cuda8Helper.exe
       PostBuildEvent:
         echo copy "C:\Program Files\NVIDIA GPU Computing Toolkit\CUDA\v8.0\bin\cudart*.dll" "C:\GitHub\myHelper\cuda8Helper\x64\Debug\"
         copy "C:\Program Files\NVIDIA GPU Computing Toolkit\CUDA\v8.0\bin\cudart*.dll" "C:\GitHub\myHelper\cuda8Helper\x64\Debug\"
         :VCEnd
         copy "C:\Program Files\NVIDIA GPU Computing Toolkit\CUDA\v8.0\bin\cudart*.dll" "C:\GitHub\myHelper\cuda8Helper\x64\Debug\"
         C:\Program Files\NVIDIA GPU Computing Toolkit\CUDA\v8.0\bin\cudart32_80.dll
         C:\Program Files\NVIDIA GPU Computing Toolkit\CUDA\v8.0\bin\cudart64_80.dll
                 2 file(s) copied.
     1>Done Building Project "C:\GitHub\myHelper\cuda8Helper\cuda8Helper\cuda8Helper.vcxproj" (Build target(s)).

Build succeeded.

Time Elapsed 00:00:14.02
